<?xml version="1.0" encoding="UTF-8"?>
<!-- Generated by org.testng.reporters.JUnitReportReporter -->
<testsuite hostname="LAPTOP-LR60D6IR" failures="0" tests="17" name="testCases.TC0003_LoginTest_DDT" time="221.903" errors="0" timestamp="2025-09-02T08:50:22 IST" skipped="0">
  <testcase classname="testCases.TC0003_LoginTest_DDT" name="VerifyLoginDDT" time="13.592"/>
  <testcase classname="testCases.TC0003_LoginTest_DDT" name="VerifyLoginDDT" time="12.698"/>
  <testcase classname="testCases.TC0003_LoginTest_DDT" name="VerifyLoginDDT" time="12.578"/>
  <testcase classname="testCases.TC0003_LoginTest_DDT" name="VerifyLoginDDT" time="12.685"/>
  <testcase classname="testCases.TC0003_LoginTest_DDT" name="VerifyLoginDDT" time="12.706"/>
  <testcase classname="testCases.TC0003_LoginTest_DDT" name="VerifyLoginDDT" time="12.684"/>
  <testcase classname="testCases.TC0003_LoginTest_DDT" name="VerifyLoginDDT" time="14.238"/>
  <testcase classname="testCases.TC0003_LoginTest_DDT" name="VerifyLoginDDT" time="12.607"/>
  <testcase classname="testCases.TC0003_LoginTest_DDT" name="VerifyLoginDDT" time="12.820"/>
  <testcase classname="testCases.TC0003_LoginTest_DDT" name="VerifyLoginDDT" time="12.653"/>
  <testcase classname="testCases.TC0003_LoginTest_DDT" name="VerifyLoginDDT" time="12.537"/>
  <testcase classname="testCases.TC0003_LoginTest_DDT" name="VerifyLoginDDT" time="15.325"/>
  <testcase classname="testCases.TC0003_LoginTest_DDT" name="VerifyLoginDDT" time="12.332"/>
  <testcase classname="testCases.TC0003_LoginTest_DDT" name="VerifyLoginDDT" time="12.746"/>
  <testcase classname="testCases.TC0003_LoginTest_DDT" name="VerifyLoginDDT" time="14.450"/>
  <testcase classname="testCases.TC0003_LoginTest_DDT" name="VerifyLoginDDT" time="12.536"/>
  <testcase classname="testCases.TC0003_LoginTest_DDT" name="VerifyLoginDDT" time="12.716"/>
</testsuite> <!-- testCases.TC0003_LoginTest_DDT -->
