<?xml version="1.0" encoding="UTF-8"?>
<!-- Generated by org.testng.reporters.JUnitReportReporter -->
<testsuite hostname="LAPTOP-LR60D6IR" failures="0" tests="1" name="testCases.TC0002_Valid_LoginTest" time="6.605" errors="0" timestamp="2025-09-02T08:50:22 IST" skipped="0">
  <testcase classname="testCases.TC0002_Valid_LoginTest" name="ValidLoginCheck" time="6.605"/>
</testsuite> <!-- testCases.TC0002_Valid_LoginTest -->
