<?xml version="1.0" encoding="UTF-8"?>
<!-- Generated by org.testng.reporters.JUnitReportReporter -->
<testsuite hostname="STI-PNQ2263" failures="0" tests="1" name="testCases.LoginTest" time="10.606" errors="0" timestamp="2025-07-05T22:17:45 IST" skipped="0">
  <testcase classname="testCases.LoginTest" name="logincheck" time="10.606"/>
  <system-out/>
</testsuite> <!-- testCases.LoginTest -->
