<?xml version="1.0" encoding="UTF-8"?>
<!-- Generated by org.testng.reporters.JUnitReportReporter -->
<testsuite hostname="LAPTOP-LR60D6IR" failures="0" tests="1" name="testCases.TC0001_LoginTest" time="5.044" errors="0" timestamp="2025-09-02T08:50:22 IST" skipped="0">
  <testcase classname="testCases.TC0001_LoginTest" name="Invalidlogincheck" time="5.044"/>
</testsuite> <!-- testCases.TC0001_LoginTest -->
